This is XeTeX, Version 3.14159265-2.6-0.99999 (TeX Live 2018/W32TeX) (preloaded format=xelatex 2019.4.25)  26 APR 2019 22:31
entering extended mode
 restricted \write18 enabled.
 %&-line parsing enabled.
**AHUT.tex
(./AHUT.tex
LaTeX2e <2018-04-01> patch level 2
Babel <3.18> and hyphenation patterns for 84 language(s) loaded.
(c:/texlive/2018/texmf-dist/tex/latex/ctex/ctexbook.cls
(c:/texlive/2018/texmf-dist/tex/latex/l3kernel/expl3.sty
Package: expl3 2018/03/05 L3 programming layer (loader) 

(c:/texlive/2018/texmf-dist/tex/latex/l3kernel/expl3-code.tex
Package: expl3 2018/03/05 L3 programming layer (code)
\c_max_int=\count80
\l_tmpa_int=\count81
\l_tmpb_int=\count82
\g_tmpa_int=\count83
\g_tmpb_int=\count84
\g__intarray_font_int=\count85
\g__prg_map_int=\count86
\c_log_iow=\count87
\l_iow_line_count_int=\count88
\l__iow_line_target_int=\count89
\l__iow_one_indent_int=\count90
\l__iow_indent_int=\count91
\c_zero_dim=\dimen102
\c_max_dim=\dimen103
\l_tmpa_dim=\dimen104
\l_tmpb_dim=\dimen105
\g_tmpa_dim=\dimen106
\g_tmpb_dim=\dimen107
\c_zero_skip=\skip41
\c_max_skip=\skip42
\l_tmpa_skip=\skip43
\l_tmpb_skip=\skip44
\g_tmpa_skip=\skip45
\g_tmpb_skip=\skip46
\c_zero_muskip=\muskip10
\c_max_muskip=\muskip11
\l_tmpa_muskip=\muskip12
\l_tmpb_muskip=\muskip13
\g_tmpa_muskip=\muskip14
\g_tmpb_muskip=\muskip15
\l_keys_choice_int=\count92
\c__fp_leading_shift_int=\count93
\c__fp_middle_shift_int=\count94
\c__fp_trailing_shift_int=\count95
\c__fp_big_leading_shift_int=\count96
\c__fp_big_middle_shift_int=\count97
\c__fp_big_trailing_shift_int=\count98
\c__fp_Bigg_leading_shift_int=\count99
\c__fp_Bigg_middle_shift_int=\count100
\c__fp_Bigg_trailing_shift_int=\count101
\l__sort_length_int=\count102
\l__sort_min_int=\count103
\l__sort_top_int=\count104
\l__sort_max_int=\count105
\l__sort_true_max_int=\count106
\l__sort_block_int=\count107
\l__sort_begin_int=\count108
\l__sort_end_int=\count109
\l__sort_A_int=\count110
\l__sort_B_int=\count111
\l__sort_C_int=\count112
\l__tl_build_start_index_int=\count113
\l__tl_build_index_int=\count114
\l__tl_analysis_normal_int=\count115
\l__tl_analysis_index_int=\count116
\l__tl_analysis_nesting_int=\count117
\l__tl_analysis_type_int=\count118
\l__regex_internal_a_int=\count119
\l__regex_internal_b_int=\count120
\l__regex_internal_c_int=\count121
\l__regex_balance_int=\count122
\l__regex_group_level_int=\count123
\l__regex_mode_int=\count124
\c__regex_cs_in_class_mode_int=\count125
\c__regex_cs_mode_int=\count126
\l__regex_catcodes_int=\count127
\l__regex_default_catcodes_int=\count128
\c__regex_catcode_L_int=\count129
\c__regex_catcode_O_int=\count130
\c__regex_catcode_A_int=\count131
\c__regex_all_catcodes_int=\count132
\l__regex_show_lines_int=\count133
\l__regex_min_state_int=\count134
\l__regex_max_state_int=\count135
\l__regex_left_state_int=\count136
\l__regex_right_state_int=\count137
\l__regex_capturing_group_int=\count138
\l__regex_min_pos_int=\count139
\l__regex_max_pos_int=\count140
\l__regex_curr_pos_int=\count141
\l__regex_start_pos_int=\count142
\l__regex_success_pos_int=\count143
\l__regex_curr_char_int=\count144
\l__regex_curr_catcode_int=\count145
\l__regex_last_char_int=\count146
\l__regex_case_changed_char_int=\count147
\l__regex_curr_state_int=\count148
\l__regex_step_int=\count149
\l__regex_min_active_int=\count150
\l__regex_max_active_int=\count151
\l__regex_replacement_csnames_int=\count152
\l__regex_match_count_int=\count153
\l__regex_min_submatch_int=\count154
\l__regex_submatch_int=\count155
\l__regex_zeroth_submatch_int=\count156
\g__regex_trace_regex_int=\count157
\c_empty_box=\box26
\l_tmpa_box=\box27
\l_tmpb_box=\box28
\g_tmpa_box=\box29
\g_tmpb_box=\box30
\l__box_top_dim=\dimen108
\l__box_bottom_dim=\dimen109
\l__box_left_dim=\dimen110
\l__box_right_dim=\dimen111
\l__box_top_new_dim=\dimen112
\l__box_bottom_new_dim=\dimen113
\l__box_left_new_dim=\dimen114
\l__box_right_new_dim=\dimen115
\l__box_internal_box=\box31
\l__coffin_internal_box=\box32
\l__coffin_internal_dim=\dimen116
\l__coffin_offset_x_dim=\dimen117
\l__coffin_offset_y_dim=\dimen118
\l__coffin_x_dim=\dimen119
\l__coffin_y_dim=\dimen120
\l__coffin_x_prime_dim=\dimen121
\l__coffin_y_prime_dim=\dimen122
\c_empty_coffin=\box33
\l__coffin_aligned_coffin=\box34
\l__coffin_aligned_internal_coffin=\box35
\l_tmpa_coffin=\box36
\l_tmpb_coffin=\box37
\l__coffin_display_coffin=\box38
\l__coffin_display_coord_coffin=\box39
\l__coffin_display_pole_coffin=\box40
\l__coffin_display_offset_dim=\dimen123
\l__coffin_display_x_dim=\dimen124
\l__coffin_display_y_dim=\dimen125
\l__coffin_bounding_shift_dim=\dimen126
\l__coffin_left_corner_dim=\dimen127
\l__coffin_right_corner_dim=\dimen128
\l__coffin_bottom_corner_dim=\dimen129
\l__coffin_top_corner_dim=\dimen130
\l__coffin_scaled_total_height_dim=\dimen131
\l__coffin_scaled_width_dim=\dimen132
)
(c:/texlive/2018/texmf-dist/tex/latex/l3kernel/l3xdvipdfmx.def
File: l3xdvidpfmx.def 2017/03/18 v L3 Experimental driver: xdvipdfmx
\g__driver_image_int=\count158
))
Document Class: ctexbook 2018/01/28 v2.4.12 Chinese adapter for class book (CTE
X)
(c:/texlive/2018/texmf-dist/tex/latex/l3packages/xparse/xparse.sty
Package: xparse 2018/02/21 L3 Experimental document command parser
\l__xparse_current_arg_int=\count159
\g__xparse_grabber_int=\count160
\l__xparse_m_args_int=\count161
\l__xparse_mandatory_args_int=\count162
\l__xparse_v_nesting_int=\count163
)
(c:/texlive/2018/texmf-dist/tex/latex/l3packages/l3keys2e/l3keys2e.sty
Package: l3keys2e 2018/02/21 LaTeX2e option processing using LaTeX3 keys
)
\g__file_internal_ior=\read1

(c:/texlive/2018/texmf-dist/tex/latex/ctex/ctexhook.sty
Package: ctexhook 2018/01/28 v2.4.12 Document and package hooks (CTEX)
)
(c:/texlive/2018/texmf-dist/tex/latex/ctex/ctexpatch.sty
Package: ctexpatch 2018/01/28 v2.4.12 Patching commands (CTEX)
)
(c:/texlive/2018/texmf-dist/tex/latex/base/fix-cm.sty
Package: fix-cm 2015/01/14 v1.1t fixes to LaTeX

(c:/texlive/2018/texmf-dist/tex/latex/base/ts1enc.def
File: ts1enc.def 2001/06/05 v3.0e (jk/car/fm) Standard LaTeX file
))
(c:/texlive/2018/texmf-dist/tex/latex/ms/everysel.sty
Package: everysel 2011/10/28 v1.2 EverySelectfont Package (MS)
)
\l__ctex_tmp_int=\count164
\l__ctex_tmp_box=\box41
\l__ctex_tmp_dim=\dimen133
\g__ctex_font_size_flag=\count165

(c:/texlive/2018/texmf-dist/tex/latex/ctex/config/ctexopts.cfg
File: ctexopts.cfg 2018/01/28 v2.4.12 Option configuration file (CTEX)
)
(c:/texlive/2018/texmf-dist/tex/latex/base/book.cls
Document Class: book 2014/09/29 v1.4h Standard LaTeX document class
(c:/texlive/2018/texmf-dist/tex/latex/base/bk12.clo
File: bk12.clo 2014/09/29 v1.4h Standard LaTeX file (size option)
)
\c@part=\count166
\c@chapter=\count167
\c@section=\count168
\c@subsection=\count169
\c@subsubsection=\count170
\c@paragraph=\count171
\c@subparagraph=\count172
\c@figure=\count173
\c@table=\count174
\abovecaptionskip=\skip47
\belowcaptionskip=\skip48
\bibindent=\dimen134
)
(c:/texlive/2018/texmf-dist/tex/latex/ctex/engine/ctex-engine-xetex.def
File: ctex-engine-xetex.def 2018/01/28 v2.4.12 XeLaTeX adapter (CTEX)

(c:/texlive/2018/texmf-dist/tex/xelatex/xecjk/xeCJK.sty
Package: xeCJK 2018/04/07 v3.7.0 Typesetting CJK scripts with XeLaTeX

(c:/texlive/2018/texmf-dist/tex/latex/l3packages/xtemplate/xtemplate.sty
Package: xtemplate 2018/02/21 L3 Experimental prototype document functions
\l__xtemplate_tmp_dim=\dimen135
\l__xtemplate_tmp_int=\count175
\l__xtemplate_tmp_muskip=\muskip16
\l__xtemplate_tmp_skip=\skip49
)
\l__xeCJK_tmp_int=\count176
\l__xeCJK_tmp_box=\box42
\l__xeCJK_tmp_dim=\dimen136
\l__xeCJK_tmp_skip=\skip50
.................................................
. LaTeX info: "xparse/define-command"
. 
. Defining command \xeCJKShipoutHook with sig. '' on line 150.
.................................................
\g__xeCJK_space_factor_int=\count177
\l__xeCJK_begin_int=\count178
\l__xeCJK_end_int=\count179
.................................................
. LaTeX info: "xparse/define-command"
. 
. Defining command \makexeCJKactive with sig. '' on line 396.
.................................................
.................................................
. LaTeX info: "xparse/define-command"
. 
. Defining command \makexeCJKinactive with sig. '' on line 398.
.................................................
\c__xeCJK_CJK_class_int=\XeTeXcharclass1
\c__xeCJK_FullLeft_class_int=\XeTeXcharclass2
\c__xeCJK_FullRight_class_int=\XeTeXcharclass3
\c__xeCJK_HalfLeft_class_int=\XeTeXcharclass4
\c__xeCJK_HalfRight_class_int=\XeTeXcharclass5
\c__xeCJK_NormalSpace_class_int=\XeTeXcharclass6
\c__xeCJK_CM_class_int=\XeTeXcharclass7
\c__xeCJK_HangulJamo_class_int=\XeTeXcharclass8
.................................................
. LaTeX info: "xparse/define-command"
. 
. Defining command \xeCJKDeclareCharClass with sig. 's>{\TrimSpaces }mm' on
. line 580.
.................................................
.................................................
. LaTeX info: "xparse/define-command"
. 
. Defining command \__xeCJK_set_char_class_aux:Nnw with sig.
. 'm>{\SplitArgument {1}{->}}m' on line 601.
.................................................
.................................................
. LaTeX info: "xparse/define-command"
. 
. Defining command \normalspacedchars with sig. 'm' on line 647.
.................................................
.................................................
. LaTeX info: "xparse/define-command"
. 
. Defining command \xeCJKResetPunctClass with sig. '' on line 658.
.................................................
.................................................
. LaTeX info: "xparse/define-command"
. 
. Defining command \xeCJKResetCharClass with sig. '' on line 670.
.................................................
\l__xeCJK_last_skip=\skip51
\g__xeCJK_node_int=\count180
\c__xeCJK_CJK_node_dim=\dimen137
\c__xeCJK_CJK-space_node_dim=\dimen138
\c__xeCJK_default_node_dim=\dimen139
\c__xeCJK_default-space_node_dim=\dimen140
\c__xeCJK_CJK-widow_node_dim=\dimen141
\c__xeCJK_normalspace_node_dim=\dimen142
\l__xeCJK_ccglue_skip=\skip52
\l__xeCJK_ecglue_skip=\skip53
\l__xeCJK_punct_kern_skip=\skip54
\l__xeCJK_last_penalty_int=\count181
\l__xeCJK_last_bound_dim=\dimen143
\l__xeCJK_last_kern_dim=\dimen144
.................................................
. LaTeX info: "xparse/define-command"
. 
. Defining command \xeCJKnobreak with sig. '' on line 1889.
.................................................
\l__xeCJK_widow_penalty_int=\count182
.................................................
. LaTeX info: "xparse/define-command"
. 
. Defining command \xeCJKDeclareSubCJKBlock with sig. 's>{\TrimSpaces }mm' on
. line 2084.
.................................................
.................................................
. LaTeX info: "xparse/define-command"
. 
. Defining command \xeCJKCancelSubCJKBlock with sig. 'sm' on line 2095.
.................................................
.................................................
. LaTeX info: "xparse/define-command"
. 
. Defining command \xeCJKRestoreSubCJKBlock with sig. 'sm' on line 2104.
.................................................
.................................................
. LaTeX info: "xparse/define-command"
. 
. Defining command \xeCJKsetwidth with sig. 'smm' on line 2202.
.................................................
.................................................
. LaTeX info: "xparse/define-command"
. 
. Defining command \xeCJKsetkern with sig. 'mmm' on line 2206.
.................................................
.................................................
. xtemplate info: "declare-object-type"
. 
. Declaring object type 'xeCJK/punctuation' taking 0 argument(s) on line 2362.
.................................................
\l__xeCJK_fixed_punct_width_dim=\dimen145
\l__xeCJK_mixed_punct_width_dim=\dimen146
\l__xeCJK_middle_punct_width_dim=\dimen147
\l__xeCJK_fixed_margin_width_dim=\dimen148
\l__xeCJK_mixed_margin_width_dim=\dimen149
\l__xeCJK_middle_margin_width_dim=\dimen150
\l__xeCJK_bound_punct_width_dim=\dimen151
\l__xeCJK_bound_margin_width_dim=\dimen152
\l__xeCJK_margin_minimum_dim=\dimen153
\l__xeCJK_kerning_total_width_dim=\dimen154
\l__xeCJK_same_align_margin_dim=\dimen155
\l__xeCJK_different_align_margin_dim=\dimen156
\l__xeCJK_kerning_margin_width_dim=\dimen157
\l__xeCJK_kerning_margin_minimum_dim=\dimen158
\l__xeCJK_bound_dim=\dimen159
\l__xeCJK_reverse_bound_dim=\dimen160
\l__xeCJK_minimum_bound_dim=\dimen161
\l__xeCJK_kerning_margin_dim=\dimen162
\l__xeCJK_original_margin_dim=\dimen163
.................................................
. LaTeX info: "xparse/define-command"
. 
. Defining command \xeCJKDeclarePunctStyle with sig. '>{\TrimSpaces }mm' on
. line 2942.
.................................................
.................................................
. LaTeX info: "xparse/define-command"
. 
. Defining command \xeCJKEditPunctStyle with sig. '>{\TrimSpaces }mm' on line
. 2955.
.................................................
.................................................
. LaTeX info: "xparse/define-command"
. 
. Defining command \setCJKfallbackfamilyfont with sig. 'mom' on line 3059.
.................................................
\g__xeCJK_family_int=\count183
.................................................
. LaTeX info: "xparse/define-command"
. 
. Defining command \CJKfamily with sig. 't+t-m' on line 3493.
.................................................
.................................................
. LaTeX info: "xparse/define-command"
. 
. Defining command \__xeCJK_gobble_CJKfamily:wn with sig. 't+t-m' on line
. 3558.
.................................................
.................................................
. LaTeX info: "xparse/define-command"
. 
. Defining command \__xeCJK_post_arg:w with sig. 'mmmO{}' on line 3618.
.................................................
.................................................
. LaTeX info: "xparse/define-command"
. 
. Defining command \setCJKmainfont with sig. 'om' on line 3624.
.................................................
.................................................
. LaTeX info: "xparse/define-command"
. 
. Defining command \setCJKsansfont with sig. 'om' on line 3631.
.................................................
.................................................
. LaTeX info: "xparse/define-command"
. 
. Defining command \setCJKmonofont with sig. 'om' on line 3637.
.................................................
.................................................
. LaTeX info: "xparse/define-command"
. 
. Defining command \setCJKfamilyfont with sig. 'mom' on line 3648.
.................................................
.................................................
. LaTeX info: "xparse/define-command"
. 
. Defining command \newCJKfontfamily with sig. 'omom' on line 3658.
.................................................
.................................................
. LaTeX info: "xparse/define-command"
. 
. Defining command \CJKfontspec with sig. 'om' on line 3664.
.................................................
.................................................
. LaTeX info: "xparse/define-command"
. 
. Defining command \defaultCJKfontfeatures with sig. 'm' on line 3687.
.................................................
.................................................
. LaTeX info: "xparse/define-command"
. 
. Defining command \addCJKfontfeatures with sig. 'sO{}m' on line 3693.
.................................................
.................................................
. LaTeX info: "xparse/define-command"
. 
. Defining command \setCJKmathfont with sig. 'om' on line 3870.
.................................................
\l__xeCJK_fam_int=\count184
\g__xeCJK_fam_allocation_int=\count185
\l__xeCJK_verb_case_int=\count186
.................................................
. LaTeX info: "xparse/define-command"
. 
. Defining command \xeCJKVerbAddon with sig. '' on line 4117.
.................................................
.................................................
. LaTeX info: "xparse/define-command"
. 
. Defining command \xeCJKOffVerbAddon with sig. '' on line 4121.
.................................................
\l__xeCJK_verb_exspace_skip=\skip55

(c:/texlive/2018/texmf-dist/tex/latex/fontspec/fontspec.sty
Package: fontspec 2017/11/09 v2.6g Font selection for XeLaTeX and LuaLaTeX

(c:/texlive/2018/texmf-dist/tex/latex/fontspec/fontspec-xetex.sty
Package: fontspec-xetex 2017/11/09 v2.6g Font selection for XeLaTeX and LuaLaTe
X
\l__fontspec_script_int=\count187
\l__fontspec_language_int=\count188
\l__fontspec_strnum_int=\count189
\l__fontspec_tmp_int=\count190
\l__fontspec_em_int=\count191
\l__fontspec_emdef_int=\count192
\l__fontspec_strong_int=\count193
\l__fontspec_strongdef_int=\count194
\l__fontspec_tmpa_dim=\dimen164
\l__fontspec_tmpb_dim=\dimen165
\l__fontspec_tmpc_dim=\dimen166

(c:/texlive/2018/texmf-dist/tex/latex/base/fontenc.sty
Package: fontenc 2017/04/05 v2.0i Standard LaTeX package

(c:/texlive/2018/texmf-dist/tex/latex/base/tuenc.def
File: tuenc.def 2017/04/05 v2.0i Standard LaTeX file
LaTeX Font Info:    Redeclaring font encoding TU on input line 82.
))
.................................................
. LaTeX info: "xparse/define-command"
. 
. Defining command \fontspec with sig. 'O{}mO{}' on line 542.
.................................................
.................................................
. LaTeX info: "xparse/define-command"
. 
. Defining command \setmainfont with sig. 'O{}mO{}' on line 546.
.................................................
.................................................
. LaTeX info: "xparse/define-command"
. 
. Defining command \setsansfont with sig. 'O{}mO{}' on line 550.
.................................................
.................................................
. LaTeX info: "xparse/define-command"
. 
. Defining command \setmonofont with sig. 'O{}mO{}' on line 554.
.................................................
.................................................
. LaTeX info: "xparse/define-command"
. 
. Defining command \setmathrm with sig. 'O{}mO{}' on line 558.
.................................................
.................................................
. LaTeX info: "xparse/define-command"
. 
. Defining command \setboldmathrm with sig. 'O{}mO{}' on line 562.
.................................................
.................................................
. LaTeX info: "xparse/define-command"
. 
. Defining command \setmathsf with sig. 'O{}mO{}' on line 566.
.................................................
.................................................
. LaTeX info: "xparse/define-command"
. 
. Defining command \setmathtt with sig. 'O{}mO{}' on line 570.
.................................................
.................................................
. LaTeX info: "xparse/define-command"
. 
. Defining command \setromanfont with sig. 'O{}mO{}' on line 574.
.................................................
.................................................
. LaTeX info: "xparse/define-command"
. 
. Defining command \newfontfamily with sig. 'mO{}mO{}' on line 578.
.................................................
.................................................
. LaTeX info: "xparse/define-command"
. 
. Defining command \newfontface with sig. 'mO{}mO{}' on line 582.
.................................................
.................................................
. LaTeX info: "xparse/define-command"
. 
. Defining command \defaultfontfeatures with sig. 't+om' on line 586.
.................................................
.................................................
. LaTeX info: "xparse/define-command"
. 
. Defining command \addfontfeatures with sig. 'm' on line 590.
.................................................
.................................................
. LaTeX info: "xparse/define-command"
. 
. Defining command \addfontfeature with sig. 'm' on line 594.
.................................................
.................................................
. LaTeX info: "xparse/define-command"
. 
. Defining command \newfontfeature with sig. 'mm' on line 598.
.................................................
.................................................
. LaTeX info: "xparse/define-command"
. 
. Defining command \newAATfeature with sig. 'mmmm' on line 602.
.................................................
.................................................
. LaTeX info: "xparse/define-command"
. 
. Defining command \newopentypefeature with sig. 'mmm' on line 606.
.................................................
.................................................
. LaTeX info: "xparse/define-command"
. 
. Defining command \newICUfeature with sig. 'mmm' on line 610.
.................................................
.................................................
. LaTeX info: "xparse/define-command"
. 
. Defining command \aliasfontfeature with sig. 'mm' on line 614.
.................................................
.................................................
. LaTeX info: "xparse/define-command"
. 
. Defining command \aliasfontfeatureoption with sig. 'mmm' on line 618.
.................................................
.................................................
. LaTeX info: "xparse/define-command"
. 
. Defining command \newfontscript with sig. 'mm' on line 622.
.................................................
.................................................
. LaTeX info: "xparse/define-command"
. 
. Defining command \newfontlanguage with sig. 'mm' on line 626.
.................................................
.................................................
. LaTeX info: "xparse/define-command"
. 
. Defining command \DeclareFontsExtensions with sig. 'm' on line 630.
.................................................
.................................................
. LaTeX info: "xparse/define-command"
. 
. Defining command \IfFontFeatureActiveTF with sig. 'mmm' on line 634.
.................................................
.................................................
. LaTeX info: "xparse/define-command"
. 
. Defining command \EncodingCommand with sig. 'mO{}m' on line 3632.
.................................................
.................................................
. LaTeX info: "xparse/define-command"
. 
. Defining command \EncodingAccent with sig. 'mm' on line 3638.
.................................................
.................................................
. LaTeX info: "xparse/define-command"
. 
. Defining command \EncodingSymbol with sig. 'mm' on line 3644.
.................................................
.................................................
. LaTeX info: "xparse/define-command"
. 
. Defining command \EncodingComposite with sig. 'mmm' on line 3650.
.................................................
.................................................
. LaTeX info: "xparse/define-command"
. 
. Defining command \EncodingCompositeCommand with sig. 'mmm' on line 3656.
.................................................
.................................................
. LaTeX info: "xparse/define-command"
. 
. Defining command \DeclareUnicodeEncoding with sig. 'mm' on line 3681.
.................................................
.................................................
. LaTeX info: "xparse/define-command"
. 
. Defining command \UndeclareSymbol with sig. 'm' on line 3687.
.................................................
.................................................
. LaTeX info: "xparse/define-command"
. 
. Defining command \UndeclareAccent with sig. 'm' on line 3693.
.................................................
.................................................
. LaTeX info: "xparse/define-command"
. 
. Defining command \UndeclareCommand with sig. 'm' on line 3699.
.................................................
.................................................
. LaTeX info: "xparse/define-command"
. 
. Defining command \UndeclareComposite with sig. 'mm' on line 3706.
.................................................

(c:/texlive/2018/texmf-dist/tex/latex/fontspec/fontspec.cfg)
LaTeX Info: Redefining \itshape on input line 3891.
LaTeX Info: Redefining \slshape on input line 3896.
LaTeX Info: Redefining \scshape on input line 3901.
LaTeX Info: Redefining \upshape on input line 3906.
LaTeX Info: Redefining \em on input line 3936.
LaTeX Info: Redefining \emph on input line 3961.
LaTeX Info: Redefining \- on input line 4015.
.................................................
. LaTeX info: "xparse/redefine-command"
. 
. Redefining command \oldstylenums with sig. 'm' on line 4110.
.................................................
.................................................
. LaTeX info: "xparse/define-command"
. 
. Defining command \liningnums with sig. 'm' on line 4114.
.................................................
))
.................................................
. LaTeX info: "xparse/define-command"
. 
. Defining command \xeCJKsetup with sig. '+m' on line 4422.
.................................................
.................................................
. LaTeX info: "xparse/define-command"
. 
. Defining command \xeCJKsetemboldenfactor with sig. 'm' on line 4424.
.................................................
.................................................
. LaTeX info: "xparse/define-command"
. 
. Defining command \xeCJKsetslantfactor with sig. 'm' on line 4426.
.................................................
.................................................
. LaTeX info: "xparse/define-command"
. 
. Defining command \punctstyle with sig. 'm' on line 4427.
.................................................
.................................................
. LaTeX info: "xparse/define-command"
. 
. Defining command \xeCJKplainchr with sig. '' on line 4428.
.................................................
.................................................
. LaTeX info: "xparse/define-command"
. 
. Defining command \CJKsetecglue with sig. 'm' on line 4429.
.................................................
.................................................
. LaTeX info: "xparse/define-command"
. 
. Defining command \CJKspace with sig. '' on line 4431.
.................................................
.................................................
. LaTeX info: "xparse/define-command"
. 
. Defining command \CJKnospace with sig. '' on line 4432.
.................................................
.................................................
. LaTeX info: "xparse/define-command"
. 
. Defining command \xeCJKallowbreakbetweenpuncts with sig. '' on line 4434.
.................................................
.................................................
. LaTeX info: "xparse/define-command"
. 
. Defining command \xeCJKnobreakbetweenpuncts with sig. '' on line 4436.
.................................................
.................................................
. LaTeX info: "xparse/define-command"
. 
. Defining command \xeCJKenablefallback with sig. '' on line 4438.
.................................................
.................................................
. LaTeX info: "xparse/define-command"
. 
. Defining command \xeCJKdisablefallback with sig. '' on line 4440.
.................................................
.................................................
. LaTeX info: "xparse/define-command"
. 
. Defining command \xeCJKsetcharclass with sig. 'mmm' on line 4445.
.................................................
.................................................
. LaTeX info: "xparse/redefine-command"
. 
. Redefining command \fontfamily with sig. 'm' on line 4628.
.................................................

(c:/texlive/2018/texmf-dist/tex/xelatex/xecjk/xeCJK.cfg
File: xeCJK.cfg 2018/04/07 v3.7.0 Configuration file for xeCJK package
))
(c:/texlive/2018/texmf-dist/tex/xelatex/xecjk/xeCJKfntef.sty
Package: xeCJKfntef 2018/04/07 v3.7.0 xeCJK font effect

(c:/texlive/2018/texmf-dist/tex/generic/ulem/ulem.sty
\UL@box=\box43
\UL@hyphenbox=\box44
\UL@skip=\skip56
\UL@hook=\toks14
\UL@height=\dimen167
\UL@pe=\count195
\UL@pixel=\dimen168
\ULC@box=\box45
Package: ulem 2012/05/18
\ULdepth=\dimen169
)
(c:/texlive/2018/texmf-dist/tex/latex/environ/environ.sty
Package: environ 2014/05/04 v0.3 A new way to define environments

(c:/texlive/2018/texmf-dist/tex/latex/trimspaces/trimspaces.sty
Package: trimspaces 2009/09/17 v1.1 Trim spaces around a token list
)
\@envbody=\toks15
)
(c:/texlive/2018/texmf-dist/tex/latex/cjk/texinput/CJKfntef.sty
Package: CJKfntef 2015/04/18 4.8.4
\CJK@fntefSkip=\skip57
\CJK@nest=\count196
\CJK@fntefDimen=\dimen170
\CJK@underdotBox=\box46
\CJK@ULbox=\box47
\CJK@underanyskip=\dimen171
)
\l__xeCJK_space_skip=\skip58
\c__xeCJK_ulem-begin_node_dim=\dimen172
\c__xeCJK_null_box=\box48
.................................................
. LaTeX info: "xparse/define-command"
. 
. Defining command \xeCJKfntefon with sig. 'st-so' on line 657.
.................................................
.................................................
. LaTeX info: "xparse/redefine-command"
. 
. Redefining command \CJKunderline with sig. 'st-so' on line 673.
.................................................
.................................................
. LaTeX info: "xparse/redefine-command"
. 
. Redefining command \varCJKunderline with sig. '' on line 675.
.................................................
.................................................
. LaTeX info: "xparse/redefine-command"
. 
. Redefining command \CJKunderwave with sig. 'st-so' on line 685.
.................................................
.................................................
. LaTeX info: "xparse/redefine-command"
. 
. Redefining command \CJKunderdblline with sig. 'st-so' on line 709.
.................................................
.................................................
. LaTeX info: "xparse/redefine-command"
. 
. Redefining command \CJKsout with sig. 'st-so' on line 728.
.................................................
.................................................
. LaTeX info: "xparse/redefine-command"
. 
. Redefining command \CJKxout with sig. 'st-so' on line 745.
.................................................
.................................................
. LaTeX info: "xparse/redefine-command"
. 
. Redefining command \CJKunderanyline with sig. 'st-somm' on line 766.
.................................................
\l__xeCJK_fntef_box=\box49
.................................................
. LaTeX info: "xparse/redefine-command"
. 
. Redefining command \CJKunderanysymbol with sig. 'ommm' on line 940.
.................................................
.................................................
. LaTeX info: "xparse/redefine-command"
. 
. Redefining command \CJKunderdot with sig. 'om' on line 949.
.................................................
\l__xeCJK_under_symbol_box=\box50
.................................................
. LaTeX info: "xparse/redefine-environment"
. 
. Redefining environment 'CJKfilltwosides' with sig. 'O{c}m' on line 1053.
.................................................
\c__xeCJK_filll_skip=\skip59
)
\ccwd=\dimen173
\l__ctex_ccglue_skip=\skip60
)
.................................................
. LaTeX info: "xparse/define-command"
. 
. Defining command \ctexset with sig. '' on line 388.
.................................................
.................................................
. LaTeX info: "xparse/define-command"
. 
. Defining command \CTEXsetup with sig. '+o>{\TrimSpaces }m' on line 394.
.................................................
.................................................
. LaTeX info: "xparse/define-command"
. 
. Defining command \CTEXoptions with sig. '+o' on line 400.
.................................................
.................................................
. LaTeX info: "xparse/define-command"
. 
. Defining command \CTEXsetfont with sig. '' on line 418.
.................................................
.................................................
. LaTeX info: "xparse/define-command"
. 
. Defining command \ziju with sig. 'm' on line 490.
.................................................
\l__ctex_ziju_dim=\dimen174
.................................................
. LaTeX info: "xparse/define-command"
. 
. Defining command \CTEXindent with sig. '' on line 531.
.................................................
.................................................
. LaTeX info: "xparse/define-command"
. 
. Defining command \CTEXnoindent with sig. '' on line 537.
.................................................

(c:/texlive/2018/texmf-dist/tex/latex/zhnumber/zhnumber.sty
Package: zhnumber 2018/01/28 v2.6 Typesetting numbers with Chinese glyphs
.................................................
. LaTeX info: "xparse/define-command"
. 
. Defining command \zhnumber with sig. '+o+m' on line 50.
.................................................
.................................................
. LaTeX info: "xparse/define-command"
. 
. Defining command \zhnumberwithoptions with sig. '+m+m' on line 57.
.................................................
.................................................
. LaTeX info: "xparse/define-command"
. 
. Defining command \zhnum with sig. '+o+m' on line 111.
.................................................
.................................................
. LaTeX info: "xparse/define-command"
. 
. Defining command \zhnumwithoptions with sig. '+m+m' on line 118.
.................................................
.................................................
. LaTeX info: "xparse/define-command"
. 
. Defining command \zhdig with sig. '+o+m' on line 295.
.................................................
.................................................
. LaTeX info: "xparse/define-command"
. 
. Defining command \zhdigwithoptions with sig. '+m+m' on line 302.
.................................................
.................................................
. LaTeX info: "xparse/define-command"
. 
. Defining command \zhdigits with sig. '+s+o+m' on line 316.
.................................................
.................................................
. LaTeX info: "xparse/define-command"
. 
. Defining command \zhdigitswithoptions with sig. '+m+m+m' on line 323.
.................................................
.................................................
. LaTeX info: "xparse/define-command"
. 
. Defining command \zhdate with sig. '+s+m' on line 382.
.................................................
\l__zhnum_scale_int=\count197
.................................................
. LaTeX info: "xparse/define-command"
. 
. Defining command \zhnumExtendScaleMap with sig. '>{\TrimSpaces }+o+m' on
. line 504.
.................................................
.................................................
. LaTeX info: "xparse/define-command"
. 
. Defining command \zhnumsetup with sig. '+m' on line 934.
.................................................

(c:/texlive/2018/texmf-dist/tex/latex/zhnumber/zhnumber-utf8.cfg
File: zhnumber-utf8.cfg 2018/01/28 v2.6 Chinese numerals with UTF8 encoding
))
.................................................
. LaTeX info: "xparse/define-command"
. 
. Defining command \CTEXnumber with sig. 'mm' on line 554.
.................................................
.................................................
. LaTeX info: "xparse/define-command"
. 
. Defining command \CTEXdigits with sig. 'mm' on line 556.
.................................................
.................................................
. LaTeX info: "xparse/define-command"
. 
. Defining command \ctex_assign_heading_name:nn with sig. 'm>{\SplitArgument
. {\c_one }{,}}+m' on line 681.
.................................................
\l__ctex_heading_skip=\skip61
.................................................
. LaTeX info: "xparse/define-command"
. 
. Defining command \partmark with sig. 'm' on line 728.
.................................................
.................................................
. LaTeX info: "xparse/redefine-command"
. 
. Redefining command \refstepcounter with sig. 'm' on line 1323.
.................................................

(c:/texlive/2018/texmf-dist/tex/latex/ctex/scheme/ctex-scheme-chinese-book.def
File: ctex-scheme-chinese-book.def 2018/01/28 v2.4.12 Chinese scheme for book (
CTEX)

(c:/texlive/2018/texmf-dist/tex/latex/ctex/config/ctex-name-utf8.cfg
File: ctex-name-utf8.cfg 2018/01/28 v2.4.12 Caption with encoding UTF8 (CTEX)
))
.................................................
. LaTeX info: "xparse/define-command"
. 
. Defining command \zihao with sig. 'm' on line 1326.
.................................................
.................................................
. LaTeX info: "xparse/define-command"
. 
. Defining command \CTeX with sig. '' on line 1430.
.................................................

(c:/texlive/2018/texmf-dist/tex/latex/ctex/fontset/ctex-fontset-windows.def
File: ctex-fontset-windows.def 2018/01/28 v2.4.12 Windows fonts definition (CTE
X)

(c:/texlive/2018/texmf-dist/tex/latex/ctex/fontset/ctex-fontset-windowsnew.def
File: ctex-fontset-windowsnew.def 2018/01/28 v2.4.12 Windows fonts definition f
or Vista or later version (CTEX)
\g__fontspec_family_SimSun_int=\count198
.................................................
. fontspec info: "no-font-shape"
. 
. Could not resolve font "KaiTi/B" (it probably doesn't exist).
.................................................
.................................................
. fontspec info: "no-font-shape"
. 
. Could not resolve font "SimHei/I" (it probably doesn't exist).
.................................................
.................................................
. fontspec info: "no-font-shape"
. 
. Could not resolve font "SimSun/BI" (it probably doesn't exist).
.................................................
.................................................
. fontspec info: "defining-font"
. 
. Font family 'SimSun(0)' created for font 'SimSun' with options
. [Script={CJK},BoldFont={SimHei},ItalicFont={KaiTi}].
.  
.  This font family consists of the following NFSS series/shapes:
.  
. - 'normal' (m/n) with NFSS spec.: <->"SimSun/OT:script=hani;language=DFLT;"
. - 'small caps'  (m/sc) with NFSS spec.: 
. - 'bold' (bx/n) with NFSS spec.: <->"SimHei/OT:script=hani;language=DFLT;"
. - 'bold small caps'  (bx/sc) with NFSS spec.: 
. - 'italic' (m/it) with NFSS spec.: <->"KaiTi/OT:script=hani;language=DFLT;"
. - 'italic small caps'  (m/itsc) with NFSS spec.: 
.................................................
.................................................
. LaTeX info: "xparse/define-command"
. 
. Defining command \songti with sig. '' on line 111.
.................................................
.................................................
. LaTeX info: "xparse/define-command"
. 
. Defining command \heiti with sig. '' on line 112.
.................................................
.................................................
. LaTeX info: "xparse/define-command"
. 
. Defining command \fangsong with sig. '' on line 113.
.................................................
.................................................
. LaTeX info: "xparse/define-command"
. 
. Defining command \kaishu with sig. '' on line 114.
.................................................
.................................................
. LaTeX info: "xparse/define-command"
. 
. Defining command \lishu with sig. '' on line 115.
.................................................
.................................................
. LaTeX info: "xparse/define-command"
. 
. Defining command \youyuan with sig. '' on line 116.
.................................................
.................................................
. LaTeX info: "xparse/define-command"
. 
. Defining command \yahei with sig. '' on line 117.
.................................................
))) (c:/texlive/2018/texmf-dist/tex/latex/ctex/config/ctex.cfg
File: ctex.cfg 2018/01/28 v2.4.12 Configuration file (CTEX)
)
(../Settings/Setting.tex
(c:/texlive/2018/texmf-dist/tex/latex/amsmath/amsmath.sty
Package: amsmath 2017/09/02 v2.17a AMS math features
\@mathmargin=\skip62

For additional information on amsmath, use the `?' option.
(c:/texlive/2018/texmf-dist/tex/latex/amsmath/amstext.sty
Package: amstext 2000/06/29 v2.01 AMS text

(c:/texlive/2018/texmf-dist/tex/latex/amsmath/amsgen.sty
File: amsgen.sty 1999/11/30 v2.0 generic functions
\@emptytoks=\toks16
\ex@=\dimen175
))
(c:/texlive/2018/texmf-dist/tex/latex/amsmath/amsbsy.sty
Package: amsbsy 1999/11/29 v1.2d Bold Symbols
\pmbraise@=\dimen176
)
(c:/texlive/2018/texmf-dist/tex/latex/amsmath/amsopn.sty
Package: amsopn 2016/03/08 v2.02 operator names
)
\inf@bad=\count199
LaTeX Info: Redefining \frac on input line 213.
\uproot@=\count266
\leftroot@=\count267
LaTeX Info: Redefining \overline on input line 375.
\classnum@=\count268
\DOTSCASE@=\count269
LaTeX Info: Redefining \ldots on input line 472.
LaTeX Info: Redefining \dots on input line 475.
LaTeX Info: Redefining \cdots on input line 596.
\Mathstrutbox@=\box51
\strutbox@=\box52
\big@size=\dimen177
LaTeX Font Info:    Redeclaring font encoding OML on input line 712.
LaTeX Font Info:    Redeclaring font encoding OMS on input line 713.
\macc@depth=\count270
\c@MaxMatrixCols=\count271
\dotsspace@=\muskip17
\c@parentequation=\count272
\dspbrk@lvl=\count273
\tag@help=\toks17
\row@=\count274
\column@=\count275
\maxfields@=\count276
\andhelp@=\toks18
\eqnshift@=\dimen178
\alignsep@=\dimen179
\tagshift@=\dimen180
\tagwidth@=\dimen181
\totwidth@=\dimen182
\lineht@=\dimen183
\@envbody=\toks19
\multlinegap=\skip63
\multlinetaggap=\skip64
\mathdisplay@stack=\toks20
LaTeX Info: Redefining \[ on input line 2817.
LaTeX Info: Redefining \] on input line 2818.
)
(c:/texlive/2018/texmf-dist/tex/latex/amscls/amsthm.sty
Package: amsthm 2017/10/31 v2.20.4
\thm@style=\toks21
\thm@bodyfont=\toks22
\thm@headfont=\toks23
\thm@notefont=\toks24
\thm@headpunct=\toks25
\thm@preskip=\skip65
\thm@postskip=\skip66
\thm@headsep=\skip67
\dth@everypar=\toks26
)
(c:/texlive/2018/texmf-dist/tex/latex/amsfonts/amsfonts.sty
Package: amsfonts 2013/01/14 v3.01 Basic AMSFonts support
\symAMSa=\mathgroup4
\symAMSb=\mathgroup5
LaTeX Font Info:    Overwriting math alphabet `\mathfrak' in version `bold'
(Font)                  U/euf/m/n --> U/euf/b/n on input line 106.
)
(c:/texlive/2018/texmf-dist/tex/latex/tools/verbatim.sty
Package: verbatim 2014/10/28 v1.5q LaTeX2e package for verbatim enhancements
\every@verbatim=\toks27
\verbatim@line=\toks28
\verbatim@in@stream=\read2
)
(c:/texlive/2018/texmf-dist/tex/latex/base/ifthen.sty
Package: ifthen 2014/09/29 v1.1c Standard LaTeX ifthen package (DPC)
)
(c:/texlive/2018/texmf-dist/tex/latex/xcolor/xcolor.sty
Package: xcolor 2016/05/11 v2.12 LaTeX color extensions (UK)

(c:/texlive/2018/texmf-dist/tex/latex/graphics-cfg/color.cfg
File: color.cfg 2016/01/02 v1.6 sample color configuration
)
Package xcolor Info: Driver file: xetex.def on input line 225.

(c:/texlive/2018/texmf-dist/tex/latex/graphics-def/xetex.def
File: xetex.def 2017/06/24 v5.0h Graphics/color driver for xetex
)
Package xcolor Info: Model `cmy' substituted by `cmy0' on input line 1348.
Package xcolor Info: Model `RGB' extended on input line 1364.
Package xcolor Info: Model `HTML' substituted by `rgb' on input line 1366.
Package xcolor Info: Model `Hsb' substituted by `hsb' on input line 1367.
Package xcolor Info: Model `tHsb' substituted by `hsb' on input line 1368.
Package xcolor Info: Model `HSB' substituted by `hsb' on input line 1369.
Package xcolor Info: Model `Gray' substituted by `gray' on input line 1370.
Package xcolor Info: Model `wave' substituted by `hsb' on input line 1371.
)
(c:/texlive/2018/texmf-dist/tex/latex/multirow/multirow.sty
Package: multirow 2016/11/25 v2.2 Span multiple rows of a table
\multirow@colwidth=\skip68
\multirow@cntb=\count277
\multirow@dima=\skip69
\bigstrutjot=\dimen184
)
(c:/texlive/2018/texmf-dist/tex/latex/tools/longtable.sty
Package: longtable 2014/10/28 v4.11 Multi-page Table package (DPC)
\LTleft=\skip70
\LTright=\skip71
\LTpre=\skip72
\LTpost=\skip73
\LTchunksize=\count278
\LTcapwidth=\dimen185
\LT@head=\box53
\LT@firsthead=\box54
\LT@foot=\box55
\LT@lastfoot=\box56
\LT@cols=\count279
\LT@rows=\count280
\c@LT@tables=\count281
\c@LT@chunks=\count282
\LT@p@ftn=\toks29
)
(c:/texlive/2018/texmf-dist/tex/latex/threeparttable/threeparttable.sty
Package: threeparttable 2003/06/13  v 3.0
\@tempboxb=\box57
)
(c:/texlive/2018/texmf-dist/tex/latex/tools/array.sty
Package: array 2018/04/07 v2.4g Tabular extension package (FMi)
\col@sep=\dimen186
\ar@mcellbox=\box58
\extrarowheight=\dimen187
\NC@list=\toks30
\extratabsurround=\skip74
\backup@length=\skip75
\ar@cellbox=\box59
)
(c:/texlive/2018/texmf-dist/tex/latex/booktabs/booktabs.sty
Package: booktabs 2016/04/27 v1.618033 publication quality tables
\heavyrulewidth=\dimen188
\lightrulewidth=\dimen189
\cmidrulewidth=\dimen190
\belowrulesep=\dimen191
\belowbottomsep=\dimen192
\aboverulesep=\dimen193
\abovetopsep=\dimen194
\cmidrulesep=\dimen195
\cmidrulekern=\dimen196
\defaultaddspace=\dimen197
\@cmidla=\count283
\@cmidlb=\count284
\@aboverulesep=\dimen198
\@belowrulesep=\dimen199
\@thisruleclass=\count285
\@lastruleclass=\count286
\@thisrulewidth=\dimen256
)
(c:/texlive/2018/texmf-dist/tex/latex/tools/tabularx.sty
Package: tabularx 2016/02/03 v2.11b `tabularx' package (DPC)
\TX@col@width=\dimen257
\TX@old@table=\dimen258
\TX@old@col=\dimen259
\TX@target=\dimen260
\TX@delta=\dimen261
\TX@cols=\count287
\TX@ftn=\toks31
)
(c:/texlive/2018/texmf-dist/tex/latex/caption/caption.sty
Package: caption 2016/02/21 v3.3-144 Customizing captions (AR)

(c:/texlive/2018/texmf-dist/tex/latex/caption/caption3.sty
Package: caption3 2016/05/22 v1.7-166 caption3 kernel (AR)
Package caption3 Info: TeX engine: e-TeX on input line 67.

(c:/texlive/2018/texmf-dist/tex/latex/graphics/keyval.sty
Package: keyval 2014/10/28 v1.15 key=value parser (DPC)
\KV@toks@=\toks32
)
\captionmargin=\dimen262
\captionmargin@=\dimen263
\captionwidth=\dimen264
\caption@tempdima=\dimen265
\caption@indent=\dimen266
\caption@parindent=\dimen267
\caption@hangindent=\dimen268
)
\c@ContinuedFloat=\count288
Package caption Info: longtable package is loaded.

(c:/texlive/2018/texmf-dist/tex/latex/caption/ltcaption.sty
Package: ltcaption 2013/06/09 v1.4-94 longtable captions (AR)
)
Package caption Info: threeparttable package is loaded.
)
(c:/texlive/2018/texmf-dist/tex/latex/setspace/setspace.sty
Package: setspace 2011/12/19 v6.7a set line spacing
)
(c:/texlive/2018/texmf-dist/tex/latex/geometry/geometry.sty
Package: geometry 2018/03/24 v5.7 Page Geometry

(c:/texlive/2018/texmf-dist/tex/generic/oberdiek/ifpdf.sty
Package: ifpdf 2017/03/15 v3.2 Provides the ifpdf switch
)
(c:/texlive/2018/texmf-dist/tex/generic/oberdiek/ifvtex.sty
Package: ifvtex 2016/05/16 v1.6 Detect VTeX and its facilities (HO)
Package ifvtex Info: VTeX not detected.
)
(c:/texlive/2018/texmf-dist/tex/generic/ifxetex/ifxetex.sty
Package: ifxetex 2010/09/12 v0.6 Provides ifxetex conditional
)
\Gm@cnth=\count289
\Gm@cntv=\count290
\c@Gm@tempcnt=\count291
\Gm@bindingoffset=\dimen269
\Gm@wd@mp=\dimen270
\Gm@odd@mp=\dimen271
\Gm@even@mp=\dimen272
\Gm@layoutwidth=\dimen273
\Gm@layoutheight=\dimen274
\Gm@layouthoffset=\dimen275
\Gm@layoutvoffset=\dimen276
\Gm@dimlist=\toks33
)
(c:/texlive/2018/texmf-dist/tex/latex/graphics/graphicx.sty
Package: graphicx 2017/06/01 v1.1a Enhanced LaTeX Graphics (DPC,SPQR)

(c:/texlive/2018/texmf-dist/tex/latex/graphics/graphics.sty
Package: graphics 2017/06/25 v1.2c Standard LaTeX Graphics (DPC,SPQR)

(c:/texlive/2018/texmf-dist/tex/latex/graphics/trig.sty
Package: trig 2016/01/03 v1.10 sin cos tan (DPC)
)
(c:/texlive/2018/texmf-dist/tex/latex/graphics-cfg/graphics.cfg
File: graphics.cfg 2016/06/04 v1.11 sample graphics configuration
)
Package graphics Info: Driver file: xetex.def on input line 99.
)
\Gin@req@height=\dimen277
\Gin@req@width=\dimen278
)
(c:/texlive/2018/texmf-dist/tex/latex/pgf/frontendlayer/tikz.sty
(c:/texlive/2018/texmf-dist/tex/latex/pgf/basiclayer/pgf.sty
(c:/texlive/2018/texmf-dist/tex/latex/pgf/utilities/pgfrcs.sty
(c:/texlive/2018/texmf-dist/tex/generic/pgf/utilities/pgfutil-common.tex
\pgfutil@everybye=\toks34
\pgfutil@tempdima=\dimen279
\pgfutil@tempdimb=\dimen280

(c:/texlive/2018/texmf-dist/tex/generic/pgf/utilities/pgfutil-common-lists.tex)
) (c:/texlive/2018/texmf-dist/tex/generic/pgf/utilities/pgfutil-latex.def
\pgfutil@abb=\box60

(c:/texlive/2018/texmf-dist/tex/latex/ms/everyshi.sty
Package: everyshi 2001/05/15 v3.00 EveryShipout Package (MS)
))
(c:/texlive/2018/texmf-dist/tex/generic/pgf/utilities/pgfrcs.code.tex
Package: pgfrcs 2015/08/07 v3.0.1a (rcs-revision 1.31)
))
Package: pgf 2015/08/07 v3.0.1a (rcs-revision 1.15)

(c:/texlive/2018/texmf-dist/tex/latex/pgf/basiclayer/pgfcore.sty
(c:/texlive/2018/texmf-dist/tex/latex/pgf/systemlayer/pgfsys.sty
(c:/texlive/2018/texmf-dist/tex/generic/pgf/systemlayer/pgfsys.code.tex
Package: pgfsys 2014/07/09 v3.0.1a (rcs-revision 1.48)

(c:/texlive/2018/texmf-dist/tex/generic/pgf/utilities/pgfkeys.code.tex
\pgfkeys@pathtoks=\toks35
\pgfkeys@temptoks=\toks36

(c:/texlive/2018/texmf-dist/tex/generic/pgf/utilities/pgfkeysfiltered.code.tex
\pgfkeys@tmptoks=\toks37
))
\pgf@x=\dimen281
\pgf@y=\dimen282
\pgf@xa=\dimen283
\pgf@ya=\dimen284
\pgf@xb=\dimen285
\pgf@yb=\dimen286
\pgf@xc=\dimen287
\pgf@yc=\dimen288
\w@pgf@writea=\write3
\r@pgf@reada=\read3
\c@pgf@counta=\count292
\c@pgf@countb=\count293
\c@pgf@countc=\count294
\c@pgf@countd=\count295
\t@pgf@toka=\toks38
\t@pgf@tokb=\toks39
\t@pgf@tokc=\toks40
 (c:/texlive/2018/texmf-dist/tex/generic/pgf/systemlayer/pgf.cfg
File: pgf.cfg 2008/05/14  (rcs-revision 1.7)
)
Driver file for pgf: pgfsys-xetex.def

(c:/texlive/2018/texmf-dist/tex/generic/pgf/systemlayer/pgfsys-xetex.def
File: pgfsys-xetex.def 2014/07/09  (rcs-revision 1.11)

(c:/texlive/2018/texmf-dist/tex/generic/pgf/systemlayer/pgfsys-dvipdfmx.def
File: pgfsys-dvipdfmx.def 2014/07/09  (rcs-revision 1.14)

(c:/texlive/2018/texmf-dist/tex/generic/pgf/systemlayer/pgfsys-common-pdf.def
File: pgfsys-common-pdf.def 2013/10/10  (rcs-revision 1.13)
)
\pgfsys@objnum=\count296
)))
(c:/texlive/2018/texmf-dist/tex/generic/pgf/systemlayer/pgfsyssoftpath.code.tex
File: pgfsyssoftpath.code.tex 2013/09/09  (rcs-revision 1.9)
\pgfsyssoftpath@smallbuffer@items=\count297
\pgfsyssoftpath@bigbuffer@items=\count298
)
(c:/texlive/2018/texmf-dist/tex/generic/pgf/systemlayer/pgfsysprotocol.code.tex
File: pgfsysprotocol.code.tex 2006/10/16  (rcs-revision 1.4)
)) (c:/texlive/2018/texmf-dist/tex/generic/pgf/basiclayer/pgfcore.code.tex
Package: pgfcore 2010/04/11 v3.0.1a (rcs-revision 1.7)

(c:/texlive/2018/texmf-dist/tex/generic/pgf/math/pgfmath.code.tex
(c:/texlive/2018/texmf-dist/tex/generic/pgf/math/pgfmathcalc.code.tex
(c:/texlive/2018/texmf-dist/tex/generic/pgf/math/pgfmathutil.code.tex)
(c:/texlive/2018/texmf-dist/tex/generic/pgf/math/pgfmathparser.code.tex
\pgfmath@dimen=\dimen289
\pgfmath@count=\count299
\pgfmath@box=\box61
\pgfmath@toks=\toks41
\pgfmath@stack@operand=\toks42
\pgfmath@stack@operation=\toks43
)
(c:/texlive/2018/texmf-dist/tex/generic/pgf/math/pgfmathfunctions.code.tex
(c:/texlive/2018/texmf-dist/tex/generic/pgf/math/pgfmathfunctions.basic.code.te
x)
(c:/texlive/2018/texmf-dist/tex/generic/pgf/math/pgfmathfunctions.trigonometric
.code.tex)
(c:/texlive/2018/texmf-dist/tex/generic/pgf/math/pgfmathfunctions.random.code.t
ex)
(c:/texlive/2018/texmf-dist/tex/generic/pgf/math/pgfmathfunctions.comparison.co
de.tex)
(c:/texlive/2018/texmf-dist/tex/generic/pgf/math/pgfmathfunctions.base.code.tex
)
(c:/texlive/2018/texmf-dist/tex/generic/pgf/math/pgfmathfunctions.round.code.te
x)
(c:/texlive/2018/texmf-dist/tex/generic/pgf/math/pgfmathfunctions.misc.code.tex
)
(c:/texlive/2018/texmf-dist/tex/generic/pgf/math/pgfmathfunctions.integerarithm
etics.code.tex)))
(c:/texlive/2018/texmf-dist/tex/generic/pgf/math/pgfmathfloat.code.tex
\c@pgfmathroundto@lastzeros=\count300
))
(c:/texlive/2018/texmf-dist/tex/generic/pgf/basiclayer/pgfcorepoints.code.tex
File: pgfcorepoints.code.tex 2013/10/07  (rcs-revision 1.27)
\pgf@picminx=\dimen290
\pgf@picmaxx=\dimen291
\pgf@picminy=\dimen292
\pgf@picmaxy=\dimen293
\pgf@pathminx=\dimen294
\pgf@pathmaxx=\dimen295
\pgf@pathminy=\dimen296
\pgf@pathmaxy=\dimen297
\pgf@xx=\dimen298
\pgf@xy=\dimen299
\pgf@yx=\dimen300
\pgf@yy=\dimen301
\pgf@zx=\dimen302
\pgf@zy=\dimen303
)
(c:/texlive/2018/texmf-dist/tex/generic/pgf/basiclayer/pgfcorepathconstruct.cod
e.tex
File: pgfcorepathconstruct.code.tex 2013/10/07  (rcs-revision 1.29)
\pgf@path@lastx=\dimen304
\pgf@path@lasty=\dimen305
)
(c:/texlive/2018/texmf-dist/tex/generic/pgf/basiclayer/pgfcorepathusage.code.te
x
File: pgfcorepathusage.code.tex 2014/11/02  (rcs-revision 1.24)
\pgf@shorten@end@additional=\dimen306
\pgf@shorten@start@additional=\dimen307
)
(c:/texlive/2018/texmf-dist/tex/generic/pgf/basiclayer/pgfcorescopes.code.tex
File: pgfcorescopes.code.tex 2015/05/08  (rcs-revision 1.46)
\pgfpic=\box62
\pgf@hbox=\box63
\pgf@layerbox@main=\box64
\pgf@picture@serial@count=\count301
)
(c:/texlive/2018/texmf-dist/tex/generic/pgf/basiclayer/pgfcoregraphicstate.code
.tex
File: pgfcoregraphicstate.code.tex 2014/11/02  (rcs-revision 1.12)
\pgflinewidth=\dimen308
)
(c:/texlive/2018/texmf-dist/tex/generic/pgf/basiclayer/pgfcoretransformations.c
ode.tex
File: pgfcoretransformations.code.tex 2015/08/07  (rcs-revision 1.20)
\pgf@pt@x=\dimen309
\pgf@pt@y=\dimen310
\pgf@pt@temp=\dimen311
)
(c:/texlive/2018/texmf-dist/tex/generic/pgf/basiclayer/pgfcorequick.code.tex
File: pgfcorequick.code.tex 2008/10/09  (rcs-revision 1.3)
)
(c:/texlive/2018/texmf-dist/tex/generic/pgf/basiclayer/pgfcoreobjects.code.tex
File: pgfcoreobjects.code.tex 2006/10/11  (rcs-revision 1.2)
)
(c:/texlive/2018/texmf-dist/tex/generic/pgf/basiclayer/pgfcorepathprocessing.co
de.tex
File: pgfcorepathprocessing.code.tex 2013/09/09  (rcs-revision 1.9)
)
(c:/texlive/2018/texmf-dist/tex/generic/pgf/basiclayer/pgfcorearrows.code.tex
File: pgfcorearrows.code.tex 2015/05/14  (rcs-revision 1.43)
\pgfarrowsep=\dimen312
)
(c:/texlive/2018/texmf-dist/tex/generic/pgf/basiclayer/pgfcoreshade.code.tex
File: pgfcoreshade.code.tex 2013/07/15  (rcs-revision 1.15)
\pgf@max=\dimen313
\pgf@sys@shading@range@num=\count302
)
(c:/texlive/2018/texmf-dist/tex/generic/pgf/basiclayer/pgfcoreimage.code.tex
File: pgfcoreimage.code.tex 2013/07/15  (rcs-revision 1.18)

(c:/texlive/2018/texmf-dist/tex/generic/pgf/basiclayer/pgfcoreexternal.code.tex
File: pgfcoreexternal.code.tex 2014/07/09  (rcs-revision 1.21)
\pgfexternal@startupbox=\box65
))
(c:/texlive/2018/texmf-dist/tex/generic/pgf/basiclayer/pgfcorelayers.code.tex
File: pgfcorelayers.code.tex 2013/07/18  (rcs-revision 1.7)
)
(c:/texlive/2018/texmf-dist/tex/generic/pgf/basiclayer/pgfcoretransparency.code
.tex
File: pgfcoretransparency.code.tex 2013/09/30  (rcs-revision 1.5)
)
(c:/texlive/2018/texmf-dist/tex/generic/pgf/basiclayer/pgfcorepatterns.code.tex
File: pgfcorepatterns.code.tex 2013/11/07  (rcs-revision 1.5)
)))
(c:/texlive/2018/texmf-dist/tex/generic/pgf/modules/pgfmoduleshapes.code.tex
File: pgfmoduleshapes.code.tex 2014/03/21  (rcs-revision 1.35)
\pgfnodeparttextbox=\box66
)
(c:/texlive/2018/texmf-dist/tex/generic/pgf/modules/pgfmoduleplot.code.tex
File: pgfmoduleplot.code.tex 2015/08/03  (rcs-revision 1.13)
)
(c:/texlive/2018/texmf-dist/tex/latex/pgf/compatibility/pgfcomp-version-0-65.st
y
Package: pgfcomp-version-0-65 2007/07/03 v3.0.1a (rcs-revision 1.7)
\pgf@nodesepstart=\dimen314
\pgf@nodesepend=\dimen315
)
(c:/texlive/2018/texmf-dist/tex/latex/pgf/compatibility/pgfcomp-version-1-18.st
y
Package: pgfcomp-version-1-18 2007/07/23 v3.0.1a (rcs-revision 1.1)
)) (c:/texlive/2018/texmf-dist/tex/latex/pgf/utilities/pgffor.sty
(c:/texlive/2018/texmf-dist/tex/latex/pgf/utilities/pgfkeys.sty
(c:/texlive/2018/texmf-dist/tex/generic/pgf/utilities/pgfkeys.code.tex))
(c:/texlive/2018/texmf-dist/tex/latex/pgf/math/pgfmath.sty
(c:/texlive/2018/texmf-dist/tex/generic/pgf/math/pgfmath.code.tex))
(c:/texlive/2018/texmf-dist/tex/generic/pgf/utilities/pgffor.code.tex
Package: pgffor 2013/12/13 v3.0.1a (rcs-revision 1.25)

(c:/texlive/2018/texmf-dist/tex/generic/pgf/math/pgfmath.code.tex)
\pgffor@iter=\dimen316
\pgffor@skip=\dimen317
\pgffor@stack=\toks44
\pgffor@toks=\toks45
))
(c:/texlive/2018/texmf-dist/tex/generic/pgf/frontendlayer/tikz/tikz.code.tex
Package: tikz 2015/08/07 v3.0.1a (rcs-revision 1.151)

(c:/texlive/2018/texmf-dist/tex/generic/pgf/libraries/pgflibraryplothandlers.co
de.tex
File: pgflibraryplothandlers.code.tex 2013/08/31 v3.0.1a (rcs-revision 1.20)
\pgf@plot@mark@count=\count303
\pgfplotmarksize=\dimen318
)
\tikz@lastx=\dimen319
\tikz@lasty=\dimen320
\tikz@lastxsaved=\dimen321
\tikz@lastysaved=\dimen322
\tikzleveldistance=\dimen323
\tikzsiblingdistance=\dimen324
\tikz@figbox=\box67
\tikz@figbox@bg=\box68
\tikz@tempbox=\box69
\tikz@tempbox@bg=\box70
\tikztreelevel=\count304
\tikznumberofchildren=\count305
\tikznumberofcurrentchild=\count306
\tikz@fig@count=\count307

(c:/texlive/2018/texmf-dist/tex/generic/pgf/modules/pgfmodulematrix.code.tex
File: pgfmodulematrix.code.tex 2013/09/17  (rcs-revision 1.8)
\pgfmatrixcurrentrow=\count308
\pgfmatrixcurrentcolumn=\count309
\pgf@matrix@numberofcolumns=\count310
)
\tikz@expandcount=\count311

(c:/texlive/2018/texmf-dist/tex/generic/pgf/frontendlayer/tikz/libraries/tikzli
brarytopaths.code.tex
File: tikzlibrarytopaths.code.tex 2008/06/17 v3.0.1a (rcs-revision 1.2)
)))
(c:/texlive/2018/texmf-dist/tex/latex/psnfss/pifont.sty
Package: pifont 2005/04/12 PSNFSS-v9.2a Pi font support (SPQR) 
LaTeX Font Info:    Try loading font information for U+pzd on input line 63.

(c:/texlive/2018/texmf-dist/tex/latex/psnfss/upzd.fd
File: upzd.fd 2001/06/04 font definitions for U/pzd.
)
LaTeX Font Info:    Try loading font information for U+psy on input line 64.

(c:/texlive/2018/texmf-dist/tex/latex/psnfss/upsy.fd
File: upsy.fd 2001/06/04 font definitions for U/psy.
))
(c:/texlive/2018/texmf-dist/tex/latex/listings/listings.sty
\lst@mode=\count312
\lst@gtempboxa=\box71
\lst@token=\toks46
\lst@length=\count313
\lst@currlwidth=\dimen325
\lst@column=\count314
\lst@pos=\count315
\lst@lostspace=\dimen326
\lst@width=\dimen327
\lst@newlines=\count316
\lst@lineno=\count317
\lst@maxwidth=\dimen328

(c:/texlive/2018/texmf-dist/tex/latex/listings/lstmisc.sty
File: lstmisc.sty 2015/06/04 1.6 (Carsten Heinz)
\c@lstnumber=\count318
\lst@skipnumbers=\count319
\lst@framebox=\box72
)
(c:/texlive/2018/texmf-dist/tex/latex/listings/listings.cfg
File: listings.cfg 2015/06/04 1.6 listings configuration
))
Package: listings 2015/06/04 1.6 (Carsten Heinz)

(c:/texlive/2018/texmf-dist/tex/latex/listings/lstlang1.sty
File: lstlang1.sty 2015/06/04 1.6 listings language file
)
(c:/texlive/2018/texmf-dist/tex/latex/listings/lstmisc.sty
File: lstmisc.sty 2015/06/04 1.6 (Carsten Heinz)
)
(c:/texlive/2018/texmf-dist/tex/latex/algorithms/algorithm.sty
Invalid UTF-8 byte or sequence at line 11 replaced by U+FFFD.
Package: algorithm 2009/08/24 v0.1 Document Style `algorithm' - floating enviro
nment

(c:/texlive/2018/texmf-dist/tex/latex/float/float.sty
Package: float 2001/11/08 v1.3d Float enhancements (AL)
\c@float@type=\count320
\float@exts=\toks47
\float@box=\box73
\@float@everytoks=\toks48
\@floatcapt=\box74
)
\@float@every@algorithm=\toks49
\c@algorithm=\count321
)
(c:/texlive/2018/texmf-dist/tex/latex/algorithmicx/algpseudocode.sty
Package: algpseudocode 

(c:/texlive/2018/texmf-dist/tex/latex/algorithmicx/algorithmicx.sty
Package: algorithmicx 2005/04/27 v1.2 Algorithmicx

Document Style algorithmicx 1.2 - a greatly improved `algorithmic' style
\c@ALG@line=\count322
\c@ALG@rem=\count323
\c@ALG@nested=\count324
\ALG@tlm=\skip76
\ALG@thistlm=\skip77
\c@ALG@Lnr=\count325
\c@ALG@blocknr=\count326
\c@ALG@storecount=\count327
\c@ALG@tmpcounter=\count328
\ALG@tmplength=\skip78
)
Document Style - pseudocode environments for use with the `algorithmicx' style
)
*************************************************
* xeCJK warning: "CJKfamily-redef"
* 
* Redefining CJKfamily `\CJKrmdefault' (SimSun(0)).
*************************************************
\g__fontspec_family__int=\count329
.................................................
. fontspec info: "no-font-shape"
. 
. Could not resolve font "/B" (it probably doesn't exist).
.................................................
.................................................
. fontspec info: "no-font-shape"
. 
. Could not resolve font "/I" (it probably doesn't exist).
.................................................
.................................................
. fontspec info: "no-font-shape"
. 
. Could not resolve font "/BI" (it probably doesn't exist).
.................................................
.................................................
. fontspec info: "defining-font"
. 
. Font family '(0)' created for font '' with options
. [Script={CJK},BoldFont={},ItalicFont={}].
.  
.  This font family consists of the following NFSS series/shapes:
.  
. - 'normal' (m/n) with NFSS spec.: <->"/OT:script=hani;language=DFLT;"
. - 'small caps'  (m/sc) with NFSS spec.: 
. - 'bold' (bx/n) with NFSS spec.: <->"/OT:script=hani;language=DFLT;"
. - 'bold small caps'  (bx/sc) with NFSS spec.: 
. - 'italic' (m/it) with NFSS spec.: <->"/OT:script=hani;language=DFLT;"
. - 'italic small caps'  (m/itsc) with NFSS spec.: 
.................................................
*************************************************
* xeCJK warning: "CJKfamily-redef"
* 
* Redefining CJKfamily `\CJKsfdefault' (Microsoft YaHei).
*************************************************
*************************************************
* xeCJK warning: "CJKfamily-redef"
* 
* Redefining CJKfamily `\CJKttdefault' (FangSong).
*************************************************
\g__fontspec_family_TimesNewRoman_int=\count330
.................................................
. fontspec info: "defining-font"
. 
. Font family 'TimesNewRoman(0)' created for font 'Times New Roman' with
. options [Ligatures=TeX].
.  
.  This font family consists of the following NFSS series/shapes:
.  
. - 'normal' (m/n) with NFSS spec.: <->"Times New
. Roman/OT:script=latn;language=DFLT;mapping=tex-text;"
. - 'small caps'  (m/sc) with NFSS spec.: <->"Times New
. Roman/OT:script=latn;language=DFLT;+smcp;mapping=tex-text;"
. - 'bold' (bx/n) with NFSS spec.: <->"Times New
. Roman/B/OT:script=latn;language=DFLT;mapping=tex-text;"
. - 'bold small caps'  (bx/sc) with NFSS spec.: <->"Times New
. Roman/B/OT:script=latn;language=DFLT;+smcp;mapping=tex-text;"
. - 'italic' (m/it) with NFSS spec.: <->"Times New
. Roman/I/OT:script=latn;language=DFLT;mapping=tex-text;"
. - 'italic small caps'  (m/itsc) with NFSS spec.: <->"Times New
. Roman/I/OT:script=latn;language=DFLT;+smcp;mapping=tex-text;"
. - 'bold italic' (bx/it) with NFSS spec.: <->"Times New
. Roman/BI/OT:script=latn;language=DFLT;mapping=tex-text;"
. - 'bold italic small caps'  (bx/itsc) with NFSS spec.: <->"Times New
. Roman/BI/OT:script=latn;language=DFLT;+smcp;mapping=tex-text;"
.................................................
LaTeX Info: Redefining \rmfamily on input line 78.
LaTeX Info: Redefining \sffamily on input line 79.
.................................................
. fontspec info: "defining-font"
. 
. Font family 'TimesNewRoman(1)' created for font 'Times New Roman' with
. options [WordSpace={1,0,0},HyphenChar=None,PunctuationSpace=WordSpace].
.  
.  This font family consists of the following NFSS series/shapes:
.  
. - 'normal' (m/n) with NFSS spec.: <->"Times New
. Roman/OT:script=latn;language=DFLT;"
. - 'small caps'  (m/sc) with NFSS spec.: <->"Times New
. Roman/OT:script=latn;language=DFLT;+smcp;"
. and font adjustment code:
. \fontdimen 2\font =1\fontdimen 2\font \fontdimen 3\font =0\fontdimen 3\font
. \fontdimen 4\font =0\fontdimen 4\font \fontdimen 7\font =0\fontdimen 2\font
. \tex_hyphenchar:D \font =-1\scan_stop: 
. - 'bold' (bx/n) with NFSS spec.: <->"Times New
. Roman/B/OT:script=latn;language=DFLT;"
. - 'bold small caps'  (bx/sc) with NFSS spec.: <->"Times New
. Roman/B/OT:script=latn;language=DFLT;+smcp;"
. and font adjustment code:
. \fontdimen 2\font =1\fontdimen 2\font \fontdimen 3\font =0\fontdimen 3\font
. \fontdimen 4\font =0\fontdimen 4\font \fontdimen 7\font =0\fontdimen 2\font
. \tex_hyphenchar:D \font =-1\scan_stop: 
. - 'italic' (m/it) with NFSS spec.: <->"Times New
. Roman/I/OT:script=latn;language=DFLT;"
. - 'italic small caps'  (m/itsc) with NFSS spec.: <->"Times New
. Roman/I/OT:script=latn;language=DFLT;+smcp;"
. and font adjustment code:
. \fontdimen 2\font =1\fontdimen 2\font \fontdimen 3\font =0\fontdimen 3\font
. \fontdimen 4\font =0\fontdimen 4\font \fontdimen 7\font =0\fontdimen 2\font
. \tex_hyphenchar:D \font =-1\scan_stop: 
. - 'bold italic' (bx/it) with NFSS spec.: <->"Times New
. Roman/BI/OT:script=latn;language=DFLT;"
. - 'bold italic small caps'  (bx/itsc) with NFSS spec.: <->"Times New
. Roman/BI/OT:script=latn;language=DFLT;+smcp;"
. and font adjustment code:
. \fontdimen 2\font =1\fontdimen 2\font \fontdimen 3\font =0\fontdimen 3\font
. \fontdimen 4\font =0\fontdimen 4\font \fontdimen 7\font =0\fontdimen 2\font
. \tex_hyphenchar:D \font =-1\scan_stop: 
.................................................
LaTeX Info: Redefining \ttfamily on input line 82.
(c:/texlive/2018/texmf-dist/tex/latex/gbt7714/gbt7714.sty
Package: gbt7714 2018/03/16 v1.0.3 GB/T 7714-2015 BibTeX Style

(c:/texlive/2018/texmf-dist/tex/latex/url/url.sty
\Urlmuskip=\muskip18
Package: url 2013/09/16  ver 3.4  Verb mode for urls, etc.
)
(c:/texlive/2018/texmf-dist/tex/latex/natbib/natbib.sty
Package: natbib 2010/09/13 8.31b (PWD, AO)
\bibhang=\skip79
\bibsep=\skip80
LaTeX Info: Redefining \cite on input line 694.
\c@NAT@ctr=\count331
)
(c:/texlive/2018/texmf-dist/tex/latex/etoolbox/etoolbox.sty
Package: etoolbox 2018/02/11 v2.5e e-TeX tools for LaTeX (JAW)
\etb@tempcnta=\count332
))
(c:/texlive/2018/texmf-dist/tex/latex/fancyhdr/fancyhdr.sty
Package: fancyhdr 2017/06/30 v3.9a Extensive control of page headers and footer
s
\f@nch@headwidth=\skip81
\f@nch@O@elh=\skip82
\f@nch@O@erh=\skip83
\f@nch@O@olh=\skip84
\f@nch@O@orh=\skip85
\f@nch@O@elf=\skip86
\f@nch@O@erf=\skip87
\f@nch@O@olf=\skip88
\f@nch@O@orf=\skip89
)
(c:/texlive/2018/texmf-dist/tex/latex/hyperref/hyperref.sty
Package: hyperref 2018/02/06 v6.86b Hypertext links for LaTeX

(c:/texlive/2018/texmf-dist/tex/generic/oberdiek/hobsub-hyperref.sty
Package: hobsub-hyperref 2016/05/16 v1.14 Bundle oberdiek, subset hyperref (HO)


(c:/texlive/2018/texmf-dist/tex/generic/oberdiek/hobsub-generic.sty
Package: hobsub-generic 2016/05/16 v1.14 Bundle oberdiek, subset generic (HO)
Package: hobsub 2016/05/16 v1.14 Construct package bundles (HO)
Package: infwarerr 2016/05/16 v1.4 Providing info/warning/error messages (HO)
Package: ltxcmds 2016/05/16 v1.23 LaTeX kernel commands for general use (HO)
Package: ifluatex 2016/05/16 v1.4 Provides the ifluatex switch (HO)
Package ifluatex Info: LuaTeX not detected.
Package hobsub Info: Skipping package `ifvtex' (already loaded).
Package: intcalc 2016/05/16 v1.2 Expandable calculations with integers (HO)
Package hobsub Info: Skipping package `ifpdf' (already loaded).
Package: etexcmds 2016/05/16 v1.6 Avoid name clashes with e-TeX commands (HO)
Package etexcmds Info: Could not find \expanded.
(etexcmds)             That can mean that you are not using pdfTeX 1.50 or
(etexcmds)             that some package has redefined \expanded.
(etexcmds)             In the latter case, load this package earlier.
Package: kvsetkeys 2016/05/16 v1.17 Key value parser (HO)
Package: kvdefinekeys 2016/05/16 v1.4 Define keys (HO)
Package: pdftexcmds 2018/01/30 v0.27 Utility functions of pdfTeX for LuaTeX (HO
)
Package pdftexcmds Info: LuaTeX not detected.
Package pdftexcmds Info: pdfTeX >= 1.30 not detected.
Package pdftexcmds Info: \pdf@primitive is available.
Package pdftexcmds Info: \pdf@ifprimitive is available.
Package pdftexcmds Info: \pdfdraftmode not found.
Package: pdfescape 2016/05/16 v1.14 Implements pdfTeX's escape features (HO)
Package: bigintcalc 2016/05/16 v1.4 Expandable calculations on big integers (HO
)
Package: bitset 2016/05/16 v1.2 Handle bit-vector datatype (HO)
Package: uniquecounter 2016/05/16 v1.3 Provide unlimited unique counter (HO)
)
Package hobsub Info: Skipping package `hobsub' (already loaded).
Package: letltxmacro 2016/05/16 v1.5 Let assignment for LaTeX macros (HO)
Package: hopatch 2016/05/16 v1.3 Wrapper for package hooks (HO)
Package: xcolor-patch 2016/05/16 xcolor patch
Package: atveryend 2016/05/16 v1.9 Hooks at the very end of document (HO)
Package: atbegshi 2016/06/09 v1.18 At begin shipout hook (HO)
Package: refcount 2016/05/16 v3.5 Data extraction from label references (HO)
Package: hycolor 2016/05/16 v1.8 Color options for hyperref/bookmark (HO)
)
(c:/texlive/2018/texmf-dist/tex/latex/oberdiek/auxhook.sty
Package: auxhook 2016/05/16 v1.4 Hooks for auxiliary files (HO)
)
(c:/texlive/2018/texmf-dist/tex/latex/oberdiek/kvoptions.sty
Package: kvoptions 2016/05/16 v3.12 Key value format for package options (HO)
)
\@linkdim=\dimen329
\Hy@linkcounter=\count333
\Hy@pagecounter=\count334

(c:/texlive/2018/texmf-dist/tex/latex/hyperref/pd1enc.def
File: pd1enc.def 2018/02/06 v6.86b Hyperref: PDFDocEncoding definition (HO)
)
\Hy@SavedSpaceFactor=\count335

(c:/texlive/2018/texmf-dist/tex/latex/latexconfig/hyperref.cfg
File: hyperref.cfg 2002/06/06 v1.2 hyperref configuration of TeXLive
)
Package hyperref Info: Option `unicode' set `true' on input line 4383.

(c:/texlive/2018/texmf-dist/tex/latex/hyperref/puenc.def
File: puenc.def 2018/02/06 v6.86b Hyperref: PDF Unicode definition (HO)
)
Package hyperref Info: Option `bookmarks' set `true' on input line 4383.
Package hyperref Info: Option `bookmarksnumbered' set `false' on input line 438
3.
Package hyperref Info: Option `colorlinks' set `true' on input line 4383.
Package hyperref Info: Hyper figures OFF on input line 4509.
Package hyperref Info: Link nesting OFF on input line 4514.
Package hyperref Info: Hyper index ON on input line 4517.
Package hyperref Info: Plain pages OFF on input line 4524.
Package hyperref Info: Backreferencing OFF on input line 4529.
Package hyperref Info: Implicit mode ON; LaTeX internals redefined.
Package hyperref Info: Bookmarks ON on input line 4762.
\c@Hy@tempcnt=\count336
LaTeX Info: Redefining \url on input line 5115.
\XeTeXLinkMargin=\dimen330
\Fld@menulength=\count337
\Field@Width=\dimen331
\Fld@charsize=\dimen332
Package hyperref Info: Hyper figures OFF on input line 6369.
Package hyperref Info: Link nesting OFF on input line 6374.
Package hyperref Info: Hyper index ON on input line 6377.
Package hyperref Info: backreferencing OFF on input line 6384.
Package hyperref Info: Link coloring ON on input line 6387.
Package hyperref Info: Link coloring with OCG OFF on input line 6394.
Package hyperref Info: PDF/A mode OFF on input line 6399.
LaTeX Info: Redefining \ref on input line 6439.
LaTeX Info: Redefining \pageref on input line 6443.
\Hy@abspage=\count338
\c@Item=\count339
\c@Hfootnote=\count340
)
Package hyperref Info: Driver (autodetected): hxetex.

(c:/texlive/2018/texmf-dist/tex/latex/hyperref/hxetex.def
File: hxetex.def 2018/02/06 v6.86b Hyperref driver for XeTeX

(c:/texlive/2018/texmf-dist/tex/generic/oberdiek/stringenc.sty
Package: stringenc 2016/05/16 v1.11 Convert strings between diff. encodings (HO
)
)
\pdfm@box=\box75
\c@Hy@AnnotLevel=\count341
\HyField@AnnotCount=\count342
\Fld@listcount=\count343
\c@bookmark@seq@number=\count344

(c:/texlive/2018/texmf-dist/tex/latex/oberdiek/rerunfilecheck.sty
Package: rerunfilecheck 2016/05/16 v1.8 Rerun checks for auxiliary files (HO)
Package uniquecounter Info: New unique counter `rerunfilecheck' on input line 2
82.
)
\Hy@SectionHShift=\skip90
)
(c:/texlive/2018/texmf-dist/tex/latex/cleveref/cleveref.sty
Package: cleveref 2018/03/03 v0.21.3 Intelligent cross-referencing
Package cleveref Info: `hyperref' support loaded on input line 2234.
LaTeX Info: Redefining \cref on input line 2234.
LaTeX Info: Redefining \Cref on input line 2234.
LaTeX Info: Redefining \crefrange on input line 2234.
LaTeX Info: Redefining \Crefrange on input line 2234.
LaTeX Info: Redefining \cpageref on input line 2234.
LaTeX Info: Redefining \Cpageref on input line 2234.
LaTeX Info: Redefining \cpagerefrange on input line 2234.
LaTeX Info: Redefining \Cpagerefrange on input line 2234.
LaTeX Info: Redefining \labelcref on input line 2234.
LaTeX Info: Redefining \labelcpageref on input line 2234.
Package cleveref Info: `amsthm' support loaded on input line 2890.
Package cleveref Info: `algorithmicx' support loaded on input line 2984.
Package cleveref Info: `listings' support loaded on input line 2995.
)
\c@theory=\count345
\c@law=\count346
)
(../Settings/Information.tex)
(c:/texlive/2018/texmf-dist/tex/xelatex/xecjk/xeCJK-listings.sty
Package: xeCJK-listings 2018/04/07 v3.7.0 xeCJK patch file for listings
\l__xeCJK_listings_max_char_int=\count347
\l__xeCJK_listings_flag_int=\count348
) (./AHUT.aux)
\openout1 = `AHUT.aux'.

LaTeX Font Info:    Checking defaults for OML/cmm/m/it on input line 8.
LaTeX Font Info:    ... okay on input line 8.
LaTeX Font Info:    Checking defaults for T1/cmr/m/n on input line 8.
LaTeX Font Info:    ... okay on input line 8.
LaTeX Font Info:    Checking defaults for OT1/cmr/m/n on input line 8.
LaTeX Font Info:    ... okay on input line 8.
LaTeX Font Info:    Checking defaults for OMS/cmsy/m/n on input line 8.
LaTeX Font Info:    ... okay on input line 8.
LaTeX Font Info:    Checking defaults for TU/lmr/m/n on input line 8.
LaTeX Font Info:    ... okay on input line 8.
LaTeX Font Info:    Checking defaults for OMX/cmex/m/n on input line 8.
LaTeX Font Info:    ... okay on input line 8.
LaTeX Font Info:    Checking defaults for U/cmr/m/n on input line 8.
LaTeX Font Info:    ... okay on input line 8.
LaTeX Font Info:    Checking defaults for TS1/cmr/m/n on input line 8.
LaTeX Font Info:    ... okay on input line 8.
LaTeX Font Info:    Checking defaults for PD1/pdf/m/n on input line 8.
LaTeX Font Info:    ... okay on input line 8.
LaTeX Font Info:    Checking defaults for PU/pdf/m/n on input line 8.
LaTeX Font Info:    ... okay on input line 8.

ABD: EverySelectfont initializing macros
LaTeX Info: Redefining \selectfont on input line 8.
.................................................
. fontspec info: "setup-math"
. 
. Adjusting the maths setup (use [no-math] to avoid this).
.................................................
\symlegacymaths=\mathgroup6
LaTeX Font Info:    Overwriting symbol font `legacymaths' in version `bold'
(Font)                  OT1/cmr/m/n --> OT1/cmr/bx/n on input line 8.
LaTeX Font Info:    Redeclaring math accent \acute on input line 8.
LaTeX Font Info:    Redeclaring math accent \grave on input line 8.
LaTeX Font Info:    Redeclaring math accent \ddot on input line 8.
LaTeX Font Info:    Redeclaring math accent \tilde on input line 8.
LaTeX Font Info:    Redeclaring math accent \bar on input line 8.
LaTeX Font Info:    Redeclaring math accent \breve on input line 8.
LaTeX Font Info:    Redeclaring math accent \check on input line 8.
LaTeX Font Info:    Redeclaring math accent \hat on input line 8.
LaTeX Font Info:    Redeclaring math accent \dot on input line 8.
LaTeX Font Info:    Redeclaring math accent \mathring on input line 8.
LaTeX Font Info:    Redeclaring math symbol \Gamma on input line 8.
LaTeX Font Info:    Redeclaring math symbol \Delta on input line 8.
LaTeX Font Info:    Redeclaring math symbol \Theta on input line 8.
LaTeX Font Info:    Redeclaring math symbol \Lambda on input line 8.
LaTeX Font Info:    Redeclaring math symbol \Xi on input line 8.
LaTeX Font Info:    Redeclaring math symbol \Pi on input line 8.
LaTeX Font Info:    Redeclaring math symbol \Sigma on input line 8.
LaTeX Font Info:    Redeclaring math symbol \Upsilon on input line 8.
LaTeX Font Info:    Redeclaring math symbol \Phi on input line 8.
LaTeX Font Info:    Redeclaring math symbol \Psi on input line 8.
LaTeX Font Info:    Redeclaring math symbol \Omega on input line 8.
LaTeX Font Info:    Redeclaring math symbol \mathdollar on input line 8.
LaTeX Font Info:    Redeclaring symbol font `operators' on input line 8.
LaTeX Font Info:    Encoding `OT1' has changed to `TU' for symbol font
(Font)              `operators' in the math version `normal' on input line 8.
LaTeX Font Info:    Overwriting symbol font `operators' in version `normal'
(Font)                  OT1/cmr/m/n --> TU/TimesNewRoman(0)/m/n on input line 8
.
LaTeX Font Info:    Encoding `OT1' has changed to `TU' for symbol font
(Font)              `operators' in the math version `bold' on input line 8.
LaTeX Font Info:    Overwriting symbol font `operators' in version `bold'
(Font)                  OT1/cmr/bx/n --> TU/TimesNewRoman(0)/m/n on input line 
8.
LaTeX Font Info:    Overwriting symbol font `operators' in version `normal'
(Font)                  TU/TimesNewRoman(0)/m/n --> TU/TimesNewRoman(0)/m/n on 
input line 8.
LaTeX Font Info:    Overwriting math alphabet `\mathit' in version `normal'
(Font)                  OT1/cmr/m/it --> TU/TimesNewRoman(0)/m/it on input line
 8.
LaTeX Font Info:    Overwriting math alphabet `\mathbf' in version `normal'
(Font)                  OT1/cmr/bx/n --> TU/TimesNewRoman(0)/bx/n on input line
 8.
LaTeX Font Info:    Overwriting math alphabet `\mathsf' in version `normal'
(Font)                  OT1/cmss/m/n --> TU/TimesNewRoman(0)/m/n on input line 
8.
LaTeX Font Info:    Overwriting math alphabet `\mathtt' in version `normal'
(Font)                  OT1/cmtt/m/n --> TU/TimesNewRoman(1)/m/n on input line 
8.
LaTeX Font Info:    Overwriting symbol font `operators' in version `bold'
(Font)                  TU/TimesNewRoman(0)/m/n --> TU/TimesNewRoman(0)/bx/n on
 input line 8.
LaTeX Font Info:    Overwriting math alphabet `\mathit' in version `bold'
(Font)                  OT1/cmr/bx/it --> TU/TimesNewRoman(0)/bx/it on input li
ne 8.
LaTeX Font Info:    Overwriting math alphabet `\mathsf' in version `bold'
(Font)                  OT1/cmss/bx/n --> TU/TimesNewRoman(0)/bx/n on input lin
e 8.
LaTeX Font Info:    Overwriting math alphabet `\mathtt' in version `bold'
(Font)                  OT1/cmtt/m/n --> TU/TimesNewRoman(1)/bx/n on input line
 8.
Package caption Info: Begin \AtBeginDocument code.
Package caption Info: float package is loaded.
Package caption Info: hyperref package is loaded.
Package caption Info: listings package is loaded.
Package caption Info: End \AtBeginDocument code.

*geometry* driver: auto-detecting
*geometry* detected driver: xetex
*geometry* verbose mode - [ preamble ] result:
* driver: xetex
* paper: a4paper
* layout: <same size as paper>
* layoutoffset:(h,v)=(0.0pt,0.0pt)
* modes: twoside 
* h-part:(L,W,R)=(71.13188pt, 455.24411pt, 71.13188pt)
* v-part:(T,H,B)=(85.35826pt, 645.87756pt, 113.81102pt)
* \paperwidth=597.50787pt
* \paperheight=845.04684pt
* \textwidth=455.24411pt
* \textheight=645.87756pt
* \oddsidemargin=-1.1381pt
* \evensidemargin=-1.1381pt
* \topmargin=-18.78552pt
* \headheight=12.0pt
* \headsep=19.8738pt
* \topskip=12.0pt
* \footskip=42.67912pt
* \marginparwidth=98.0pt
* \marginparsep=7.0pt
* \columnsep=10.0pt
* \skip\footins=10.8pt plus 4.0pt minus 2.0pt
* \hoffset=0.0pt
* \voffset=0.0pt
* \mag=1000
* \@twocolumnfalse
* \@twosidetrue
* \@mparswitchtrue
* \@reversemarginfalse
* (1in=72.27pt=25.4mm, 1cm=28.453pt)

ABD: EveryShipout initializing macros
\c@lstlisting=\count349
\AtBeginShipoutBox=\box76
Package hyperref Info: Link coloring ON on input line 8.

(c:/texlive/2018/texmf-dist/tex/latex/hyperref/nameref.sty
Package: nameref 2016/05/21 v2.44 Cross-referencing by name of section

(c:/texlive/2018/texmf-dist/tex/generic/oberdiek/gettitlestring.sty
Package: gettitlestring 2016/05/16 v1.5 Cleanup title references (HO)
)
\c@section@level=\count350
)
LaTeX Info: Redefining \ref on input line 8.
LaTeX Info: Redefining \pageref on input line 8.
LaTeX Info: Redefining \nameref on input line 8.

(./AHUT.out) (./AHUT.out)
\@outlinefile=\write4
\openout4 = `AHUT.out'.

.................................................
. LaTeX info: "xparse/redefine-command"
. 
. Redefining command \Pifont with sig. 'm' on line 8.
.................................................
 (../Settings/Titlepage.tex
File: ../Figures/AHUT_LOGO.jpg Graphic file (type bmp)
<../Figures/AHUT_LOGO.jpg>
\g__fontspec_family_SimHei_int=\count351
.................................................
. fontspec info: "no-font-shape"
. 
. Could not resolve font "SimHei/BI" (it probably doesn't exist).
.................................................
.................................................
. fontspec info: "no-font-shape"
. 
. Could not resolve font "SimHei/B" (it probably doesn't exist).
.................................................
.................................................
. fontspec info: "no-font-shape"
. 
. Could not resolve font "SimHei/I" (it probably doesn't exist).
.................................................
.................................................
. fontspec info: "defining-font"
. 
. Font family 'SimHei(0)' created for font 'SimHei' with options
. [Script={CJK}].
.  
.  This font family consists of the following NFSS series/shapes:
.  
. - 'normal' (m/n) with NFSS spec.: <->"SimHei/OT:script=hani;language=DFLT;"
. - 'small caps'  (m/sc) with NFSS spec.: 
.................................................
LaTeX Font Info:    Calculating math sizes for size <14> on input line 27.
LaTeX Font Info:    Try loading font information for U+msa on input line 27.

(c:/texlive/2018/texmf-dist/tex/latex/amsfonts/umsa.fd
File: umsa.fd 2013/01/14 v3.01 AMS symbols A
)
LaTeX Font Info:    Try loading font information for U+msb on input line 27.

(c:/texlive/2018/texmf-dist/tex/latex/amsfonts/umsb.fd
File: umsb.fd 2013/01/14 v3.01 AMS symbols B
) [1



] [2

])
(../Body/Thanks.tex) (../Body/Abstract.tex [1

] [2

] [3


] [4

]) (./AHUT.toc)
\tf@toc=\write5
\openout5 = `AHUT.toc'.


[5] (./AHUT.eoc)
\tf@eoc=\write6
\openout6 = `AHUT.eoc'.

 [6

] (../Body/Chapter1.tex
1
! Missing $ inserted.
<inserted text> 
                $
l.27 ...XXJG/AHUT_Thesis_LaTeX}{AHUT_Thesis_LaTeX}
                                                  
I've inserted a begin-math/end-math symbol since I think
you left one out. Proceed, with fingers crossed.

! Missing $ inserted.
<inserted text> 
                $
l.27 ...XXJG/AHUT_Thesis_LaTeX}{AHUT_Thesis_LaTeX}
                                                  
I've inserted something that you may have forgotten.
(See the <inserted text> above.)
With luck, this will get me unwedged. But if you
really didn't forget anything, try typing `2' now; then
my insertion and my current dilemma will both disappear.

) (../Body/Chapter2.tex [1



]
2
[2

]
\g__fontspec_family__int=\count352
.................................................
. fontspec info: "no-font-shape"
. 
. Could not resolve font "/BI" (it probably doesn't exist).
.................................................
.................................................
. fontspec info: "no-font-shape"
. 
. Could not resolve font "/B" (it probably doesn't exist).
.................................................
.................................................
. fontspec info: "no-font-shape"
. 
. Could not resolve font "/I" (it probably doesn't exist).
.................................................
.................................................
. fontspec info: "defining-font"
. 
. Font family '(0)' created for font '' with options [Script={CJK}].
.  
.  This font family consists of the following NFSS series/shapes:
.  
. - 'normal' (m/n) with NFSS spec.: <->"/OT:script=hani;language=DFLT;"
. - 'small caps'  (m/sc) with NFSS spec.: 
.................................................
 [3]
Package hyperref Info: bookmark level for unknown algorithm defaults to 0 on in
put line 71.
 [4]
File: ../Figures/AHUT_LOGO.jpg Graphic file (type bmp)
<../Figures/AHUT_LOGO.jpg>
) [5] (./AHUT.bbl

Package natbib Warning: Empty `thebibliography' environment on input line 9.

) [6


] (../Body/Appendix.tex (../Body/testCode.c)) [7

]
Package atveryend Info: Empty hook `BeforeClearDocument' on input line 47.
Package atveryend Info: Empty hook `AfterLastShipout' on input line 47.
 (./AHUT.aux)
Package atveryend Info: Empty hook `AtVeryEndDocument' on input line 47.
Package atveryend Info: Executing hook `AtEndAfterFileList' on input line 47.
Package rerunfilecheck Info: File `AHUT.out' has not changed.
(rerunfilecheck)             Checksum: F5819B0DF7C9FFB31F88422AC8E23561.
 ) 
Here is how much of TeX's memory you used:
 39697 strings out of 492970
 807249 string characters out of 6137298
 889678 words of memory out of 5000000
 43083 multiletter control sequences out of 15000+600000
 541965 words of font info for 114 fonts, out of 8000000 for 9000
 1348 hyphenation exceptions out of 8191
 57i,11n,68p,10410b,1631s stack positions out of 5000i,500n,10000p,200000b,80000s

Output written on AHUT.pdf (15 pages).
